{
  "RSpec": {
    "coverage": {
      "/home/joao/workspace/campuscode/ruby/time_jan_16/emprego-ja/app/models/user.rb": [
        1,
        1,
        null,
        null,
        1,
        null,
        null
      ],
      "/home/joao/workspace/campuscode/ruby/time_jan_16/emprego-ja/app/helpers/application_helper.rb": [
        1,
        null
      ],
      "/home/joao/workspace/campuscode/ruby/time_jan_16/emprego-ja/app/controllers/application_controller.rb": [
        1,
        null,
        1,
        1,
        1,
        null,
        null,
        null,
        1,
        null,
        1,
        3,
        null,
        null
      ],
      "/home/joao/workspace/campuscode/ruby/time_jan_16/emprego-ja/lib/application_responder.rb": [
        1,
        1,
        1,
        null,
        null,
        null,
        null,
        null
      ],
      "/home/joao/workspace/campuscode/ruby/time_jan_16/emprego-ja/app/controllers/home_controller.rb": [
        1,
        1,
        34,
        34,
        34,
        34,
        null,
        null
      ],
      "/home/joao/workspace/campuscode/ruby/time_jan_16/emprego-ja/app/models/job.rb": [
        1,
        1,
        1,
        1,
        1,
        null,
        1,
        24,
        null,
        null,
        1,
        10,
        null,
        null,
        1,
        34,
        null,
        null
      ],
      "/home/joao/workspace/campuscode/ruby/time_jan_16/emprego-ja/app/models/company.rb": [
        1,
        1,
        1,
        null,
        1,
        null,
        1,
        null,
        1,
        21,
        null,
        null
      ],
      "/home/joao/workspace/campuscode/ruby/time_jan_16/emprego-ja/app/uploaders/logo_uploader.rb": [
        null,
        null,
        1,
        null,
        null,
        null,
        null,
        null,
        null,
        1,
        null,
        null,
        null,
        null,
        1,
        2,
        null,
        null,
        null,
        null,
        null,
        null,
        null,
        null,
        null,
        null,
        null,
        null,
        null,
        null,
        null,
        null,
        null,
        null,
        null,
        null,
        null,
        null,
        null,
        null,
        null,
        null,
        null,
        null,
        null,
        null,
        null,
        null,
        null,
        null,
        null
      ],
      "/home/joao/workspace/campuscode/ruby/time_jan_16/emprego-ja/app/models/category.rb": [
        1,
        1,
        1,
        null
      ],
      "/home/joao/workspace/campuscode/ruby/time_jan_16/emprego-ja/app/models/contract_type.rb": [
        1,
        1,
        null,
        1,
        1,
        null,
        null
      ],
      "/home/joao/workspace/campuscode/ruby/time_jan_16/emprego-ja/app/controllers/companies_controller.rb": [
        1,
        1,
        1,
        1,
        3,
        null,
        null,
        1,
        null,
        null,
        1,
        3,
        1,
        null,
        null,
        null,
        1,
        3,
        3,
        null,
        null,
        1,
        2,
        2,
        null,
        null,
        1,
        null,
        1,
        12,
        null,
        null,
        1,
        5,
        null,
        null
      ],
      "/home/joao/workspace/campuscode/ruby/time_jan_16/emprego-ja/app/controllers/categories_controller.rb": [
        1,
        1,
        1,
        2,
        null,
        null,
        1,
        2,
        null,
        null,
        1,
        2,
        2,
        1,
        null,
        1,
        1,
        null,
        null,
        null,
        1,
        null,
        1,
        2,
        null,
        null
      ],
      "/home/joao/workspace/campuscode/ruby/time_jan_16/emprego-ja/app/controllers/jobs_controller.rb": [
        1,
        1,
        1,
        1,
        null,
        1,
        null,
        null,
        1,
        4,
        null,
        null,
        1,
        null,
        null,
        1,
        4,
        4,
        null,
        null,
        1,
        2,
        2,
        null,
        null,
        1,
        null,
        1,
        12,
        12,
        12,
        null,
        null,
        1,
        13,
        null,
        null,
        1,
        6,
        null,
        null
      ],
      "/home/joao/workspace/campuscode/ruby/time_jan_16/emprego-ja/app/controllers/contract_types_controller.rb": [
        1,
        1,
        1,
        null,
        null
      ]
    },
    "timestamp": 1454257014
  }
}
